<< CAP LS
<< NICK tim
<< USER tsaari tsaari irc.libera.chat :Timo Saari
>> :mercury.libera.chat NOTICE * :*** Checking Ident
>> :mercury.libera.chat NOTICE * :*** Looking up your hostname...
>> :mercury.libera.chat NOTICE * :*** Couldn't look up your hostname
>> :mercury.libera.chat NOTICE * :*** No Ident response
>> :mercury.libera.chat CAP * LS :account-notify away-notify chghost extended-join multi-prefix sasl tls account-tag cap-notify echo-message server-time solanum.chat/identify-msg solanum.chat/oper solanum.chat/realhost
<< CAP REQ :multi-prefix
>> :mercury.libera.chat CAP tim ACK :multi-prefix
<< CAP END
>> :mercury.libera.chat 001 tim :Welcome to the Libera.Chat Internet Relay Chat Network tim
<< MODE tim +i
>> :mercury.libera.chat 002 tim :Your host is mercury.libera.chat[51.89.226.78/6697], running version solanum-1.0-dev
>> :mercury.libera.chat 003 tim :This server was created Tue Jul 16 2024 at 04:09:30 UTC
>> :mercury.libera.chat 004 tim mercury.libera.chat solanum-1.0-dev DGIMQRSZaghilopsuwz CFILMPQRSTbcefgijklmnopqrstuvz bkloveqjfI
>> :mercury.libera.chat 005 tim ACCOUNTEXTBAN=a WHOX KNOCK MONITOR=100 ETRACE FNC SAFELIST ELIST=CMNTU CALLERID=g CHANTYPES=# EXCEPTS INVEX :are supported by this server
>> :mercury.libera.chat 005 tim CHANMODES=eIbq,k,flj,CFLMPQRSTcgimnprstuz CHANLIMIT=#:250 PREFIX=(ov)@+ MAXLIST=bqeI:100 MODES=4 NETWORK=Libera.Chat STATUSMSG=@+ CASEMAPPING=rfc1459 NICKLEN=16 MAXNICKLEN=16 CHANNELLEN=50 TOPICLEN=390 :are supported by this server
>> :mercury.libera.chat 005 tim DEAF=D TARGMAX=NAMES:1,LIST:1,KICK:1,WHOIS:1,PRIVMSG:4,NOTICE:4,ACCEPT:,MONITOR: EXTBAN=$,agjrxz :are supported by this server
>> :mercury.libera.chat 251 tim :There are 61 users and 30877 invisible on 28 servers
>> :mercury.libera.chat 252 tim 42 :IRC Operators online
>> :mercury.libera.chat 253 tim 92 :unknown connection(s)
>> :mercury.libera.chat 254 tim 22942 :channels formed
>> :mercury.libera.chat 255 tim :I have 2033 clients and 1 servers
>> :mercury.libera.chat 265 tim 2033 2779 :Current local users 2033, max 2779
>> :mercury.libera.chat 266 tim 30938 34153 :Current global users 30938, max 34153
>> :mercury.libera.chat 250 tim :Highest connection count: 2780 (2779 clients) (347125 connections received)
>> :mercury.libera.chat 375 tim :- mercury.libera.chat Message of the Day - 
>> :mercury.libera.chat 372 tim :- -[ Mercury ]-[ Atomic number: 80 ]-[ Chemical symbol: Hg ]-
>> :mercury.libera.chat 372 tim :-  
>> :mercury.libera.chat 372 tim :- Known since antiquity, Mercury is a heavy, liquid metal
>> :mercury.libera.chat 372 tim :- element at room temperature - the only such element. Despite
>> :mercury.libera.chat 372 tim :- the wide ranging use, mercury is a relatively rare element,
>> :mercury.libera.chat 372 tim :- though this is mitigated by its ore deposits tending to be
>> :mercury.libera.chat 372 tim :- highly concentrated.
>> :mercury.libera.chat 372 tim :-  
>> :mercury.libera.chat 372 tim :- The uses of mercury include medical applications such as
>> :mercury.libera.chat 372 tim :- dental amalgams, topical antiseptic compounds, and blood
>> :mercury.libera.chat 372 tim :- pressure meters.  Outside of medicine, mercury can be found
>> :mercury.libera.chat 372 tim :- in telescopes to form flat mirror surfaces, as well as
>> :mercury.libera.chat 372 tim :- parabolic surfaces when their container is spun. Mercury has
>> :mercury.libera.chat 372 tim :- historically and continues to be used in many other
>> :mercury.libera.chat 372 tim :- industries and applications.
>> :mercury.libera.chat 372 tim :-  
>> :mercury.libera.chat 372 tim :-  
>> :mercury.libera.chat 372 tim :- Welcome to Libera Chat, the IRC network for
>> :mercury.libera.chat 372 tim :- free & open-source software and peer directed projects.
>> :mercury.libera.chat 372 tim :-  
>> :mercury.libera.chat 372 tim :- Use of Libera Chat is governed by our network policies.
>> :mercury.libera.chat 372 tim :-  
>> :mercury.libera.chat 372 tim :- To reduce network abuses we perform open proxy checks
>> :mercury.libera.chat 372 tim :- on hosts at connection time.
>> :mercury.libera.chat 372 tim :-  
>> :mercury.libera.chat 372 tim :- Please visit us in #libera for questions and support.
>> :mercury.libera.chat 372 tim :-  
>> :mercury.libera.chat 372 tim :- Website and documentation:  https://libera.chat
>> :mercury.libera.chat 372 tim :- Webchat:                    https://web.libera.chat
>> :mercury.libera.chat 372 tim :- Network policies:           https://libera.chat/policies
>> :mercury.libera.chat 372 tim :- Email:                      support@libera.chat
>> :mercury.libera.chat 376 tim :End of /MOTD command.
>> :tim MODE tim :+Ziw
>> :NickServ!NickServ@services.libera.chat NOTICE tim :This nickname is registered. Please choose a different nickname, or identify via /msg NickServ IDENTIFY tim <password>
>> :NickServ!NickServ@services.libera.chat NOTICE tim :You have 1 seconds to identify to your nickname before it is changed.
>> :NickServ!NickServ@services.libera.chat NOTICE tim :You failed to identify in time for the nickname tim
>> :tim!~tsaari@194.136.126.51 NICK :Guest3591
<< PING mercury.libera.chat
>> :mercury.libera.chat 403 Guest3591 tim :No such channel
>> :mercury.libera.chat PONG mercury.libera.chat :mercury.libera.chat
--> lag pong
<< JOIN #testii /nick
>> :Guest3591!~tsaari@194.136.126.51 JOIN #testii
>> :mercury.libera.chat MODE #testii +Cnst
>> :mercury.libera.chat 353 Guest3591 @ #testii :@Guest3591
>> :mercury.libera.chat 366 Guest3591 #testii :End of /NAMES list.
<< MODE #testii
>> :mercury.libera.chat 324 Guest3591 #testii +Cnst
--> chanquery mode
<< WHO #testii
>> :mercury.libera.chat 329 Guest3591 #testii 1736927310
--> event 329
>> :mercury.libera.chat 352 Guest3591 #testii ~tsaari 194.136.126.51 mercury.libera.chat Guest3591 H@ :0 Timo Saari
--> silent event who
>> :mercury.libera.chat 315 Guest3591 #testii :End of /WHO list.
--> chanquery who end
<< MODE #testii b
>> :mercury.libera.chat 368 Guest3591 #testii :End of Channel Ban List
--> chanquery ban end
