<< CAP LS
<< NICK tim
<< USER tsaari tsaari irc.libera.chat :Timo Saari
>> :iridium.libera.chat NOTICE * :*** Checking Ident
>> :iridium.libera.chat NOTICE * :*** Looking up your hostname...
>> :iridium.libera.chat NOTICE * :*** Couldn't look up your hostname
>> :iridium.libera.chat NOTICE * :*** No Ident response
>> :iridium.libera.chat CAP * LS :account-notify away-notify chghost extended-join multi-prefix sasl tls account-tag cap-notify echo-message server-time solanum.chat/identify-msg solanum.chat/oper solanum.chat/realhost
<< CAP REQ :multi-prefix
>> :iridium.libera.chat 437 * tim :Nick/channel is temporarily unavailable
<< NICK tim_
>> :iridium.libera.chat CAP * ACK :multi-prefix
<< CAP END
>> :iridium.libera.chat 001 tim_ :Welcome to the Libera.Chat Internet Relay Chat Network tim_
<< MODE tim_ +i
<< WHOIS tim
>> :iridium.libera.chat 002 tim_ :Your host is iridium.libera.chat[188.240.145.100/6697], running version solanum-1.0-dev
>> :iridium.libera.chat 003 tim_ :This server was created Thu Jul 18 2024 at 16:56:28 UTC
>> :iridium.libera.chat 004 tim_ iridium.libera.chat solanum-1.0-dev DGIMQRSZaghilopsuwz CFILMPQRSTbcefgijklmnopqrstuvz bkloveqjfI
>> :iridium.libera.chat 005 tim_ ACCOUNTEXTBAN=a KNOCK SAFELIST ELIST=CMNTU MONITOR=100 CALLERID=g FNC WHOX ETRACE CHANTYPES=# EXCEPTS INVEX :are supported by this server
>> :iridium.libera.chat 005 tim_ CHANMODES=eIbq,k,flj,CFLMPQRSTcgimnprstuz CHANLIMIT=#:250 PREFIX=(ov)@+ MAXLIST=bqeI:100 MODES=4 NETWORK=Libera.Chat STATUSMSG=@+ CASEMAPPING=rfc1459 NICKLEN=16 MAXNICKLEN=16 CHANNELLEN=50 TOPICLEN=390 :are supported by this server
>> :iridium.libera.chat 005 tim_ DEAF=D TARGMAX=NAMES:1,LIST:1,KICK:1,WHOIS:1,PRIVMSG:4,NOTICE:4,ACCEPT:,MONITOR: EXTBAN=$,agjrxz :are supported by this server
>> :iridium.libera.chat 251 tim_ :There are 60 users and 31408 invisible on 28 servers
>> :iridium.libera.chat 252 tim_ 42 :IRC Operators online
>> :iridium.libera.chat 253 tim_ 171 :unknown connection(s)
>> :iridium.libera.chat 254 tim_ 23093 :channels formed
>> :iridium.libera.chat 255 tim_ :I have 2085 clients and 1 servers
>> :iridium.libera.chat 265 tim_ 2085 2712 :Current local users 2085, max 2712
>> :iridium.libera.chat 266 tim_ 31468 34153 :Current global users 31468, max 34153
>> :iridium.libera.chat 250 tim_ :Highest connection count: 2713 (2712 clients) (431291 connections received)
>> :iridium.libera.chat 375 tim_ :- iridium.libera.chat Message of the Day - 
>> :iridium.libera.chat 372 tim_ :- This server provided by NORDUnet/SUNET
>> :iridium.libera.chat 372 tim_ :- Welcome to Libera Chat, the IRC network for
>> :iridium.libera.chat 372 tim_ :- free & open-source software and peer directed projects.
>> :iridium.libera.chat 372 tim_ :-  
>> :iridium.libera.chat 372 tim_ :- Use of Libera Chat is governed by our network policies.
>> :iridium.libera.chat 372 tim_ :-  
>> :iridium.libera.chat 372 tim_ :- To reduce network abuses we perform open proxy checks
>> :iridium.libera.chat 372 tim_ :- on hosts at connection time.
>> :iridium.libera.chat 372 tim_ :-  
>> :iridium.libera.chat 372 tim_ :- Please visit us in #libera for questions and support.
>> :iridium.libera.chat 372 tim_ :-  
>> :iridium.libera.chat 372 tim_ :- Website and documentation:  https://libera.chat
>> :iridium.libera.chat 372 tim_ :- Webchat:                    https://web.libera.chat
>> :iridium.libera.chat 372 tim_ :- Network policies:           https://libera.chat/policies
>> :iridium.libera.chat 372 tim_ :- Email:                      support@libera.chat
>> :iridium.libera.chat 376 tim_ :End of /MOTD command.
>> :tim_ MODE tim_ :+Ziw
>> :NickServ!NickServ@services.libera.chat NOTICE tim_ :This nickname is registered. Please choose a different nickname, or identify via /msg NickServ IDENTIFY tim_ <password>
<< JOIN #testi
>> :iridium.libera.chat 401 tim_ tim :No such nick/channel
--> event empty
>> :iridium.libera.chat 318 tim_ tim :End of /WHOIS list.
--> event empty
>> :tim_!~tsaari@194.136.126.51 JOIN #testi
>> :iridium.libera.chat MODE #testi +Cnst
>> :iridium.libera.chat 353 tim_ @ #testi :@tim_
>> :iridium.libera.chat 366 tim_ #testi :End of /NAMES list.
<< MODE #testi
>> :iridium.libera.chat 324 tim_ #testi +Cnst
--> chanquery mode
<< WHO #testi
>> :iridium.libera.chat 329 tim_ #testi 1736933848
--> event 329
>> :iridium.libera.chat 352 tim_ #testi ~tsaari 194.136.126.51 iridium.libera.chat tim_ H@ :0 Timo Saari
--> silent event who
>> :iridium.libera.chat 315 tim_ #testi :End of /WHO list.
--> chanquery who end
>> :services. MODE #testi -o tim_   
>> :iridium.libera.chat NOTICE #testi :*** Notice -- TS for #testi changed from 1736933848 to 1702662525
>> :services. MODE #testi -Cs 
>> :ChanServ!ChanServ@services.libera.chat JOIN #testi
>> :services. MODE #testi +o ChanServ   
<< MODE #testi b
>> :iridium.libera.chat 368 tim_ #testi :End of Channel Ban List
--> chanquery ban end
<< PING iridium.libera.chat
>> :iridium.libera.chat PONG iridium.libera.chat :iridium.libera.chat
--> lag pong
<< NICK timppa
>> :tim_!~tsaari@194.136.126.51 NICK :timppa

